Champion comment too long (Max length 2048)
Champion name too long (Max length 128)
Writing output program to ./champion_bug/corelol.cor
Syntax error at token [TOKEN][001:001] END "(null)"
Writing output program to ./champion_bug/empty_comment.cor
Writing output program to ./champion_bug/empty_name.cor
Syntax error at token [TOKEN][005:008] REGISTER "r1"
Writing output program to ./champion_bug/labelchar_inside_comment_OK.cor
Invalid parameter 1 type register for instruction live
Syntax error at token [TOKEN][011:028] ENDLINE
Syntax error at token [TOKEN][003:001] LABEL "hello:"
Syntax error at token [TOKEN][002:010] INSTRUCTION "aff"
Syntax error at token [TOKEN][002:010] INSTRUCTION "aff"
Syntax error at token [TOKEN][012:001] END "(null)"
Syntax error at token [TOKEN][003:001] END "(null)"
No such label alive while attempting to dereference token [TOKEN][005:011] DIRECT_LABEL "%:alive"
Syntax error at token [TOKEN][003:001] LABEL "hello:"
Syntax error at token [TOKEN][001:009] INSTRUCTION "laugh"
Syntax error at token [TOKEN][001:009] INSTRUCTION "laugh"
Syntax error at token [TOKEN][002:011] INSTRUCTION "aff"
Invalid parameter 0 type direct for instruction sti
Writing output program to ./champion_bug/too_big_champion.cor
Syntax error at token [TOKEN][006:006] SEPARATOR ","
Syntax error at token [TOKEN][007:012] SEPARATOR ","
Syntax error at token [TOKEN][007:012] SEPARATOR ","
Syntax error at token [TOKEN][007:010] SEPARATOR ","
Champion comment too long (Max length 2048)
Champion name too long (Max length 128)
Writing output program to ./champion_bug/corelol.cor
Syntax error at token [TOKEN][001:001] END "(null)"
Writing output program to ./champion_bug/empty_comment.cor
Writing output program to ./champion_bug/empty_name.cor
Syntax error at token [TOKEN][005:008] REGISTER "r1"
Writing output program to ./champion_bug/labelchar_inside_comment_OK.cor
Invalid parameter 1 type register for instruction live
Syntax error at token [TOKEN][011:028] ENDLINE
Syntax error at token [TOKEN][003:001] LABEL "hello:"
Syntax error at token [TOKEN][002:010] INSTRUCTION "aff"
Syntax error at token [TOKEN][002:010] INSTRUCTION "aff"
Syntax error at token [TOKEN][012:001] END "(null)"
Syntax error at token [TOKEN][003:001] END "(null)"
No such label alive while attempting to dereference token [TOKEN][005:011] DIRECT_LABEL "%:alive"
Syntax error at token [TOKEN][003:001] LABEL "hello:"
Syntax error at token [TOKEN][001:009] INSTRUCTION "laugh"
Syntax error at token [TOKEN][001:009] INSTRUCTION "laugh"
Syntax error at token [TOKEN][002:011] INSTRUCTION "aff"
Invalid parameter 0 type direct for instruction sti
Writing output program to ./champion_bug/too_big_champion.cor
Syntax error at token [TOKEN][006:006] SEPARATOR ","
Syntax error at token [TOKEN][007:012] SEPARATOR ","
Syntax error at token [TOKEN][007:012] SEPARATOR ","
Syntax error at token [TOKEN][007:010] SEPARATOR ","
Champion comment too long (Max length 2048)
Champion name too long (Max length 128)
Writing output program to ./champion_bug/corelol.cor
Syntax error at token [TOKEN][001:001] END "(null)"
Writing output program to ./champion_bug/empty_comment.cor
Writing output program to ./champion_bug/empty_name.cor
Syntax error at token [TOKEN][005:008] REGISTER "r1"
Writing output program to ./champion_bug/labelchar_inside_comment_OK.cor
Invalid parameter 1 type register for instruction live
Syntax error at token [TOKEN][011:028] ENDLINE
Syntax error at token [TOKEN][003:001] LABEL "hello:"
Syntax error at token [TOKEN][002:010] INSTRUCTION "aff"
Syntax error at token [TOKEN][002:010] INSTRUCTION "aff"
Syntax error at token [TOKEN][012:001] END "(null)"
Syntax error at token [TOKEN][003:001] END "(null)"
No such label alive while attempting to dereference token [TOKEN][005:011] DIRECT_LABEL "%:alive"
Syntax error at token [TOKEN][003:001] LABEL "hello:"
Syntax error at token [TOKEN][001:009] INSTRUCTION "laugh"
Syntax error at token [TOKEN][001:009] INSTRUCTION "laugh"
Syntax error at token [TOKEN][002:011] INSTRUCTION "aff"
Invalid parameter 0 type direct for instruction sti
Writing output program to ./champion_bug/too_big_champion.cor
Syntax error at token [TOKEN][006:006] SEPARATOR ","
Syntax error at token [TOKEN][007:012] SEPARATOR ","
Syntax error at token [TOKEN][007:012] SEPARATOR ","
Syntax error at token [TOKEN][007:010] SEPARATOR ","
